<?xml version="1.0" encoding="UTF-8"?>
<testsuite xmlns:xsi="http://www.w3.org/2001/XMLSchema-instance" xsi:noNamespaceSchemaLocation="https://maven.apache.org/surefire/maven-surefire-plugin/xsd/surefire-test-report.xsd" name="socialcoding.controller.QuizControllerTest" time="15.278" tests="4" errors="0" skipped="0" failures="0">
  <properties>
[...]
</properties>
  <testcase name="testGetAllQuizzes" classname="socialcoding.controller.QuizControllerTest" time="0"/>
  <testcase name="testGetAnswers" classname="socialcoding.controller.QuizControllerTest" time="0.171"/>
  <testcase name="testGetQuestion" classname="socialcoding.controller.QuizControllerTest" time="0.104"/>
  <testcase name="testSetQuiz" classname="socialcoding.controller.QuizControllerTest" time="0.134"/>
</testsuite>